<?xml version="1.0" encoding="UTF-8"?>
<coverage generated="1519793846096" clover="3.2.0">
  <project timestamp="1519793846096" name="All files">
    <metrics statements="128" coveredstatements="100" conditionals="19" coveredconditionals="9" methods="39" coveredmethods="25" elements="186" coveredelements="134" complexity="0" loc="128" ncloc="128" packages="4" files="14" classes="14">
      <package name="nodeBackEnd">
        <metrics statements="11" coveredstatements="7" conditionals="4" coveredconditionals="1" methods="1" coveredmethods="0"/>
        <file name="server.js" path="/Users/anmolvarma/Desktop/finalEval/nodeBackEnd/server.js">
          <metrics statements="11" coveredstatements="7" conditionals="4" coveredconditionals="1" methods="1" coveredmethods="0"/>
          <line num="1" count="5" type="stmt"/>
          <line num="2" count="5" type="stmt"/>
          <line num="4" count="5" type="stmt"/>
          <line num="5" count="5" type="stmt"/>
          <line num="9" count="5" type="stmt"/>
          <line num="11" count="5" type="cond" truecount="1" falsecount="1"/>
          <line num="12" count="0" type="stmt"/>
          <line num="13" count="0" type="cond" truecount="0" falsecount="2"/>
          <line num="14" count="0" type="stmt"/>
          <line num="16" count="0" type="stmt"/>
          <line num="20" count="5" type="stmt"/>
        </file>
      </package>
      <package name="nodeBackEnd.helper">
        <metrics statements="17" coveredstatements="15" conditionals="0" coveredconditionals="0" methods="8" coveredmethods="7"/>
        <file name="mapAnswerAndQuestions.js" path="/Users/anmolvarma/Desktop/finalEval/nodeBackEnd/helper/mapAnswerAndQuestions.js">
          <metrics statements="17" coveredstatements="15" conditionals="0" coveredconditionals="0" methods="8" coveredmethods="7"/>
          <line num="1" count="5" type="stmt"/>
          <line num="3" count="5" type="stmt"/>
          <line num="4" count="4" type="stmt"/>
          <line num="5" count="4" type="stmt"/>
          <line num="7" count="4" type="stmt"/>
          <line num="9" count="4" type="stmt"/>
          <line num="10" count="4" type="stmt"/>
          <line num="11" count="48" type="stmt"/>
          <line num="13" count="4" type="stmt"/>
          <line num="14" count="4" type="stmt"/>
          <line num="15" count="48" type="stmt"/>
          <line num="16" count="48" type="stmt"/>
          <line num="17" count="48" type="stmt"/>
          <line num="19" count="4" type="stmt"/>
          <line num="21" count="0" type="stmt"/>
          <line num="22" count="0" type="stmt"/>
          <line num="26" count="5" type="stmt"/>
        </file>
      </package>
      <package name="nodeBackEnd.models">
        <metrics statements="29" coveredstatements="27" conditionals="9" coveredconditionals="6" methods="6" coveredmethods="6"/>
        <file name="index.js" path="/Users/anmolvarma/Desktop/finalEval/nodeBackEnd/models/index.js">
          <metrics statements="20" coveredstatements="18" conditionals="9" coveredconditionals="6" methods="3" coveredmethods="3"/>
          <line num="3" count="5" type="stmt"/>
          <line num="4" count="5" type="stmt"/>
          <line num="5" count="5" type="stmt"/>
          <line num="6" count="5" type="stmt"/>
          <line num="7" count="5" type="cond" truecount="1" falsecount="1"/>
          <line num="8" count="5" type="stmt"/>
          <line num="9" count="5" type="stmt"/>
          <line num="11" count="5" type="cond" truecount="1" falsecount="1"/>
          <line num="12" count="0" type="stmt"/>
          <line num="14" count="5" type="stmt"/>
          <line num="17" count="5" type="stmt"/>
          <line num="20" count="20" type="cond" truecount="3" falsecount="0"/>
          <line num="23" count="15" type="stmt"/>
          <line num="24" count="15" type="stmt"/>
          <line num="27" count="5" type="stmt"/>
          <line num="28" count="15" type="cond" truecount="1" falsecount="1"/>
          <line num="29" count="0" type="stmt"/>
          <line num="33" count="5" type="stmt"/>
          <line num="34" count="5" type="stmt"/>
          <line num="36" count="5" type="stmt"/>
        </file>
        <file name="question_bank.js" path="/Users/anmolvarma/Desktop/finalEval/nodeBackEnd/models/question_bank.js">
          <metrics statements="3" coveredstatements="3" conditionals="0" coveredconditionals="0" methods="1" coveredmethods="1"/>
          <line num="1" count="5" type="stmt"/>
          <line num="2" count="5" type="stmt"/>
          <line num="17" count="5" type="stmt"/>
        </file>
        <file name="questionbank.js" path="/Users/anmolvarma/Desktop/finalEval/nodeBackEnd/models/questionbank.js">
          <metrics statements="3" coveredstatements="3" conditionals="0" coveredconditionals="0" methods="1" coveredmethods="1"/>
          <line num="1" count="5" type="stmt"/>
          <line num="2" count="5" type="stmt"/>
          <line num="17" count="5" type="stmt"/>
        </file>
        <file name="users.js" path="/Users/anmolvarma/Desktop/finalEval/nodeBackEnd/models/users.js">
          <metrics statements="3" coveredstatements="3" conditionals="0" coveredconditionals="0" methods="1" coveredmethods="1"/>
          <line num="1" count="5" type="stmt"/>
          <line num="2" count="5" type="stmt"/>
          <line num="17" count="5" type="stmt"/>
        </file>
      </package>
      <package name="nodeBackEnd.routes">
        <metrics statements="71" coveredstatements="51" conditionals="6" coveredconditionals="2" methods="24" coveredmethods="12"/>
        <file name="getAnswersFromDB.js" path="/Users/anmolvarma/Desktop/finalEval/nodeBackEnd/routes/getAnswersFromDB.js">
          <metrics statements="27" coveredstatements="25" conditionals="2" coveredconditionals="2" methods="9" coveredmethods="7"/>
          <line num="1" count="5" type="stmt"/>
          <line num="2" count="5" type="stmt"/>
          <line num="4" count="5" type="stmt"/>
          <line num="9" count="4" type="stmt"/>
          <line num="11" count="4" type="cond" truecount="2" falsecount="0"/>
          <line num="12" count="1" type="stmt"/>
          <line num="13" count="1" type="stmt"/>
          <line num="14" count="12" type="stmt"/>
          <line num="18" count="12" type="stmt"/>
          <line num="19" count="12" type="stmt"/>
          <line num="20" count="12" type="stmt"/>
          <line num="21" count="12" type="stmt"/>
          <line num="22" count="12" type="stmt"/>
          <line num="23" count="12" type="stmt"/>
          <line num="25" count="1" type="stmt"/>
          <line num="26" count="1" type="stmt"/>
          <line num="27" count="1" type="stmt"/>
          <line num="28" count="0" type="stmt"/>
          <line num="30" count="3" type="stmt"/>
          <line num="31" count="36" type="stmt"/>
          <line num="32" count="36" type="stmt"/>
          <line num="33" count="36" type="stmt"/>
          <line num="34" count="36" type="stmt"/>
          <line num="35" count="36" type="stmt"/>
          <line num="36" count="36" type="stmt"/>
          <line num="38" count="3" type="stmt"/>
          <line num="39" count="0" type="stmt"/>
        </file>
        <file name="getHighScorers.js" path="/Users/anmolvarma/Desktop/finalEval/nodeBackEnd/routes/getHighScorers.js">
          <metrics statements="8" coveredstatements="6" conditionals="0" coveredconditionals="0" methods="3" coveredmethods="2"/>
          <line num="1" count="5" type="stmt"/>
          <line num="3" count="5" type="stmt"/>
          <line num="8" count="3" type="stmt"/>
          <line num="11" count="3" type="stmt"/>
          <line num="12" count="3" type="stmt"/>
          <line num="13" count="0" type="stmt"/>
          <line num="14" count="0" type="stmt"/>
          <line num="16" count="3" type="stmt"/>
        </file>
        <file name="getQuestionAndAnswer.js" path="/Users/anmolvarma/Desktop/finalEval/nodeBackEnd/routes/getQuestionAndAnswer.js">
          <metrics statements="3" coveredstatements="3" conditionals="0" coveredconditionals="0" methods="2" coveredmethods="2"/>
          <line num="1" count="5" type="stmt"/>
          <line num="3" count="5" type="stmt"/>
          <line num="8" count="3" type="stmt"/>
        </file>
        <file name="getScorers.js" path="/Users/anmolvarma/Desktop/finalEval/nodeBackEnd/routes/getScorers.js">
          <metrics statements="4" coveredstatements="2" conditionals="0" coveredconditionals="0" methods="2" coveredmethods="0"/>
          <line num="1" count="5" type="stmt"/>
          <line num="3" count="5" type="stmt"/>
          <line num="8" count="0" type="stmt"/>
          <line num="12" count="0" type="stmt"/>
        </file>
        <file name="index.js" path="/Users/anmolvarma/Desktop/finalEval/nodeBackEnd/routes/index.js">
          <metrics statements="8" coveredstatements="8" conditionals="0" coveredconditionals="0" methods="0" coveredmethods="0"/>
          <line num="1" count="5" type="stmt"/>
          <line num="2" count="5" type="stmt"/>
          <line num="3" count="5" type="stmt"/>
          <line num="4" count="5" type="stmt"/>
          <line num="5" count="5" type="stmt"/>
          <line num="6" count="5" type="stmt"/>
          <line num="7" count="5" type="stmt"/>
          <line num="9" count="5" type="stmt"/>
        </file>
        <file name="loginOrSignup.js" path="/Users/anmolvarma/Desktop/finalEval/nodeBackEnd/routes/loginOrSignup.js">
          <metrics statements="6" coveredstatements="2" conditionals="2" coveredconditionals="0" methods="2" coveredmethods="0"/>
          <line num="1" count="5" type="stmt"/>
          <line num="3" count="5" type="stmt"/>
          <line num="9" count="0" type="stmt"/>
          <line num="11" count="0" type="cond" truecount="0" falsecount="2"/>
          <line num="12" count="0" type="stmt"/>
          <line num="16" count="0" type="stmt"/>
        </file>
        <file name="markAnswer.js" path="/Users/anmolvarma/Desktop/finalEval/nodeBackEnd/routes/markAnswer.js">
          <metrics statements="10" coveredstatements="3" conditionals="2" coveredconditionals="0" methods="4" coveredmethods="1"/>
          <line num="1" count="5" type="stmt"/>
          <line num="3" count="5" type="stmt"/>
          <line num="8" count="1" type="stmt"/>
          <line num="10" count="0" type="stmt"/>
          <line num="11" count="0" type="stmt"/>
          <line num="16" count="0" type="stmt"/>
          <line num="17" count="0" type="cond" truecount="0" falsecount="2"/>
          <line num="18" count="0" type="stmt"/>
          <line num="19" count="0" type="stmt"/>
          <line num="26" count="0" type="stmt"/>
        </file>
        <file name="setScore.js" path="/Users/anmolvarma/Desktop/finalEval/nodeBackEnd/routes/setScore.js">
          <metrics statements="5" coveredstatements="2" conditionals="0" coveredconditionals="0" methods="2" coveredmethods="0"/>
          <line num="1" count="5" type="stmt"/>
          <line num="3" count="5" type="stmt"/>
          <line num="9" count="0" type="stmt"/>
          <line num="10" count="0" type="stmt"/>
          <line num="14" count="0" type="stmt"/>
        </file>
      </package>
    </metrics>
  </project>
</coverage>
