{"/Users/anmolvarma/Desktop/finalEval/nodeBackEnd/server.js": {"path":"/Users/anmolvarma/Desktop/finalEval/nodeBackEnd/server.js","statementMap":{"0":{"start":{"line":1,"column":13},"end":{"line":1,"column":28}},"1":{"start":{"line":2,"column":15},"end":{"line":2,"column":34}},"2":{"start":{"line":4,"column":15},"end":{"line":4,"column":32}},"3":{"start":{"line":5,"column":0},"end":{"line":8,"column":3}},"4":{"start":{"line":9,"column":0},"end":{"line":9,"column":21}},"5":{"start":{"line":11,"column":0},"end":{"line":18,"column":1}},"6":{"start":{"line":12,"column":2},"end":{"line":17,"column":5}},"7":{"start":{"line":13,"column":4},"end":{"line":15,"column":5}},"8":{"start":{"line":14,"column":6},"end":{"line":14,"column":18}},"9":{"start":{"line":16,"column":4},"end":{"line":16,"column":56}},"10":{"start":{"line":20,"column":0},"end":{"line":20,"column":24}}},"fnMap":{"0":{"name":"(anonymous_0)","decl":{"start":{"line":12,"column":15},"end":{"line":12,"column":16}},"loc":{"start":{"line":12,"column":24},"end":{"line":17,"column":3}},"line":12}},"branchMap":{"0":{"loc":{"start":{"line":11,"column":0},"end":{"line":18,"column":1}},"type":"if","locations":[{"start":{"line":11,"column":0},"end":{"line":18,"column":1}},{"start":{"line":11,"column":0},"end":{"line":18,"column":1}}],"line":11},"1":{"loc":{"start":{"line":13,"column":4},"end":{"line":15,"column":5}},"type":"if","locations":[{"start":{"line":13,"column":4},"end":{"line":15,"column":5}},{"start":{"line":13,"column":4},"end":{"line":15,"column":5}}],"line":13}},"s":{"0":4,"1":4,"2":4,"3":4,"4":4,"5":4,"6":0,"7":0,"8":0,"9":0,"10":4},"f":{"0":0},"b":{"0":[0,4],"1":[0,0]},"_coverageSchema":"332fd63041d2c1bcb487cc26dd0d5f7d97098a6c","hash":"7beaa9e037a216284d0442a184b57dfdad90b60a"}
,"/Users/anmolvarma/Desktop/finalEval/nodeBackEnd/helper/mapAnswerAndQuestions.js": {"path":"/Users/anmolvarma/Desktop/finalEval/nodeBackEnd/helper/mapAnswerAndQuestions.js","statementMap":{"0":{"start":{"line":1,"column":11},"end":{"line":1,"column":37}},"1":{"start":{"line":3,"column":19},"end":{"line":24,"column":1}},"2":{"start":{"line":4,"column":28},"end":{"line":4,"column":101}},"3":{"start":{"line":5,"column":32},"end":{"line":5,"column":108}},"4":{"start":{"line":7,"column":2},"end":{"line":23,"column":7}},"5":{"start":{"line":9,"column":19},"end":{"line":9,"column":37}},"6":{"start":{"line":10,"column":6},"end":{"line":10,"column":38}},"7":{"start":{"line":11,"column":6},"end":{"line":11,"column":113}},"8":{"start":{"line":11,"column":51},"end":{"line":11,"column":111}},"9":{"start":{"line":13,"column":18},"end":{"line":13,"column":35}},"10":{"start":{"line":14,"column":24},"end":{"line":18,"column":6}},"11":{"start":{"line":15,"column":23},"end":{"line":15,"column":28}},"12":{"start":{"line":16,"column":6},"end":{"line":16,"column":61}},"13":{"start":{"line":17,"column":6},"end":{"line":17,"column":22}},"14":{"start":{"line":19,"column":21},"end":{"line":19,"column":55}},"15":{"start":{"line":21,"column":6},"end":{"line":21,"column":33}},"16":{"start":{"line":22,"column":6},"end":{"line":22,"column":67}},"17":{"start":{"line":26,"column":0},"end":{"line":26,"column":28}}},"fnMap":{"0":{"name":"(anonymous_0)","decl":{"start":{"line":3,"column":19},"end":{"line":3,"column":20}},"loc":{"start":{"line":3,"column":25},"end":{"line":24,"column":1}},"line":3},"1":{"name":"(anonymous_1)","decl":{"start":{"line":8,"column":10},"end":{"line":8,"column":11}},"loc":{"start":{"line":8,"column":22},"end":{"line":12,"column":5}},"line":8},"2":{"name":"(anonymous_2)","decl":{"start":{"line":11,"column":35},"end":{"line":11,"column":36}},"loc":{"start":{"line":11,"column":51},"end":{"line":11,"column":111}},"line":11},"3":{"name":"(anonymous_3)","decl":{"start":{"line":13,"column":10},"end":{"line":13,"column":11}},"loc":{"start":{"line":13,"column":18},"end":{"line":13,"column":35}},"line":13},"4":{"name":"(anonymous_4)","decl":{"start":{"line":14,"column":10},"end":{"line":14,"column":11}},"loc":{"start":{"line":14,"column":24},"end":{"line":18,"column":6}},"line":14},"5":{"name":"(anonymous_5)","decl":{"start":{"line":14,"column":40},"end":{"line":14,"column":41}},"loc":{"start":{"line":14,"column":58},"end":{"line":18,"column":5}},"line":14},"6":{"name":"(anonymous_6)","decl":{"start":{"line":19,"column":10},"end":{"line":19,"column":11}},"loc":{"start":{"line":19,"column":21},"end":{"line":19,"column":55}},"line":19},"7":{"name":"(anonymous_7)","decl":{"start":{"line":20,"column":11},"end":{"line":20,"column":12}},"loc":{"start":{"line":20,"column":22},"end":{"line":23,"column":5}},"line":20}},"branchMap":{},"s":{"0":4,"1":4,"2":4,"3":4,"4":4,"5":4,"6":4,"7":4,"8":48,"9":4,"10":4,"11":48,"12":48,"13":48,"14":4,"15":0,"16":0,"17":4},"f":{"0":4,"1":4,"2":48,"3":4,"4":4,"5":48,"6":4,"7":0},"b":{},"_coverageSchema":"332fd63041d2c1bcb487cc26dd0d5f7d97098a6c","hash":"c6e3f38070c33e43d38004f098d5c62845721262"}
,"/Users/anmolvarma/Desktop/finalEval/nodeBackEnd/models/index.js": {"path":"/Users/anmolvarma/Desktop/finalEval/nodeBackEnd/models/index.js","statementMap":{"0":{"start":{"line":3,"column":16},"end":{"line":3,"column":29}},"1":{"start":{"line":4,"column":16},"end":{"line":4,"column":31}},"2":{"start":{"line":5,"column":16},"end":{"line":5,"column":36}},"3":{"start":{"line":6,"column":16},"end":{"line":6,"column":41}},"4":{"start":{"line":7,"column":16},"end":{"line":7,"column":53}},"5":{"start":{"line":8,"column":16},"end":{"line":8,"column":66}},"6":{"start":{"line":9,"column":16},"end":{"line":9,"column":18}},"7":{"start":{"line":11,"column":0},"end":{"line":15,"column":1}},"8":{"start":{"line":12,"column":18},"end":{"line":12,"column":77}},"9":{"start":{"line":14,"column":18},"end":{"line":14,"column":90}},"10":{"start":{"line":17,"column":0},"end":{"line":25,"column":5}},"11":{"start":{"line":20,"column":4},"end":{"line":20,"column":90}},"12":{"start":{"line":23,"column":16},"end":{"line":23,"column":63}},"13":{"start":{"line":24,"column":4},"end":{"line":24,"column":27}},"14":{"start":{"line":27,"column":0},"end":{"line":31,"column":3}},"15":{"start":{"line":28,"column":2},"end":{"line":30,"column":3}},"16":{"start":{"line":29,"column":4},"end":{"line":29,"column":32}},"17":{"start":{"line":33,"column":0},"end":{"line":33,"column":25}},"18":{"start":{"line":34,"column":0},"end":{"line":34,"column":25}},"19":{"start":{"line":36,"column":0},"end":{"line":36,"column":20}}},"fnMap":{"0":{"name":"(anonymous_0)","decl":{"start":{"line":19,"column":10},"end":{"line":19,"column":11}},"loc":{"start":{"line":19,"column":18},"end":{"line":21,"column":3}},"line":19},"1":{"name":"(anonymous_1)","decl":{"start":{"line":22,"column":11},"end":{"line":22,"column":12}},"loc":{"start":{"line":22,"column":19},"end":{"line":25,"column":3}},"line":22},"2":{"name":"(anonymous_2)","decl":{"start":{"line":27,"column":24},"end":{"line":27,"column":25}},"loc":{"start":{"line":27,"column":37},"end":{"line":31,"column":1}},"line":27}},"branchMap":{"0":{"loc":{"start":{"line":7,"column":16},"end":{"line":7,"column":53}},"type":"binary-expr","locations":[{"start":{"line":7,"column":16},"end":{"line":7,"column":36}},{"start":{"line":7,"column":40},"end":{"line":7,"column":53}}],"line":7},"1":{"loc":{"start":{"line":11,"column":0},"end":{"line":15,"column":1}},"type":"if","locations":[{"start":{"line":11,"column":0},"end":{"line":15,"column":1}},{"start":{"line":11,"column":0},"end":{"line":15,"column":1}}],"line":11},"2":{"loc":{"start":{"line":20,"column":11},"end":{"line":20,"column":89}},"type":"binary-expr","locations":[{"start":{"line":20,"column":12},"end":{"line":20,"column":35}},{"start":{"line":20,"column":41},"end":{"line":20,"column":58}},{"start":{"line":20,"column":64},"end":{"line":20,"column":88}}],"line":20},"3":{"loc":{"start":{"line":28,"column":2},"end":{"line":30,"column":3}},"type":"if","locations":[{"start":{"line":28,"column":2},"end":{"line":30,"column":3}},{"start":{"line":28,"column":2},"end":{"line":30,"column":3}}],"line":28}},"s":{"0":4,"1":4,"2":4,"3":4,"4":4,"5":4,"6":4,"7":4,"8":0,"9":4,"10":4,"11":16,"12":12,"13":12,"14":4,"15":12,"16":0,"17":4,"18":4,"19":4},"f":{"0":16,"1":12,"2":12},"b":{"0":[4,0],"1":[0,4],"2":[16,16,12],"3":[0,12]},"_coverageSchema":"332fd63041d2c1bcb487cc26dd0d5f7d97098a6c","hash":"84a296aa7115d3b22d70e88384a59c2d5996d980"}
,"/Users/anmolvarma/Desktop/finalEval/nodeBackEnd/models/question_bank.js": {"path":"/Users/anmolvarma/Desktop/finalEval/nodeBackEnd/models/question_bank.js","statementMap":{"0":{"start":{"line":1,"column":0},"end":{"line":18,"column":2}},"1":{"start":{"line":2,"column":23},"end":{"line":16,"column":4}},"2":{"start":{"line":17,"column":2},"end":{"line":17,"column":22}}},"fnMap":{"0":{"name":"(anonymous_0)","decl":{"start":{"line":1,"column":17},"end":{"line":1,"column":18}},"loc":{"start":{"line":1,"column":43},"end":{"line":18,"column":1}},"line":1}},"branchMap":{},"s":{"0":4,"1":4,"2":4},"f":{"0":4},"b":{},"_coverageSchema":"332fd63041d2c1bcb487cc26dd0d5f7d97098a6c","hash":"9f87a12712f3ed20870e25dcc4634b0fab92b1b2"}
,"/Users/anmolvarma/Desktop/finalEval/nodeBackEnd/models/questionbank.js": {"path":"/Users/anmolvarma/Desktop/finalEval/nodeBackEnd/models/questionbank.js","statementMap":{"0":{"start":{"line":1,"column":0},"end":{"line":18,"column":2}},"1":{"start":{"line":2,"column":23},"end":{"line":16,"column":4}},"2":{"start":{"line":17,"column":2},"end":{"line":17,"column":22}}},"fnMap":{"0":{"name":"(anonymous_0)","decl":{"start":{"line":1,"column":17},"end":{"line":1,"column":18}},"loc":{"start":{"line":1,"column":43},"end":{"line":18,"column":1}},"line":1}},"branchMap":{},"s":{"0":4,"1":4,"2":4},"f":{"0":4},"b":{},"_coverageSchema":"332fd63041d2c1bcb487cc26dd0d5f7d97098a6c","hash":"4efa6ed46e89d6c603c4d4ec0dfffefd80df681c"}
,"/Users/anmolvarma/Desktop/finalEval/nodeBackEnd/models/users.js": {"path":"/Users/anmolvarma/Desktop/finalEval/nodeBackEnd/models/users.js","statementMap":{"0":{"start":{"line":1,"column":0},"end":{"line":18,"column":2}},"1":{"start":{"line":2,"column":16},"end":{"line":16,"column":4}},"2":{"start":{"line":17,"column":2},"end":{"line":17,"column":15}}},"fnMap":{"0":{"name":"(anonymous_0)","decl":{"start":{"line":1,"column":17},"end":{"line":1,"column":18}},"loc":{"start":{"line":1,"column":43},"end":{"line":18,"column":1}},"line":1}},"branchMap":{},"s":{"0":4,"1":4,"2":4},"f":{"0":4},"b":{},"_coverageSchema":"332fd63041d2c1bcb487cc26dd0d5f7d97098a6c","hash":"6b8a8397d26ab38083e434c3d80d16f7f75ba0e0"}
,"/Users/anmolvarma/Desktop/finalEval/nodeBackEnd/routes/getAnswersFromDB.js": {"path":"/Users/anmolvarma/Desktop/finalEval/nodeBackEnd/routes/getAnswersFromDB.js","statementMap":{"0":{"start":{"line":1,"column":15},"end":{"line":1,"column":35}},"1":{"start":{"line":2,"column":19},"end":{"line":2,"column":61}},"2":{"start":{"line":4,"column":0},"end":{"line":41,"column":5}},"3":{"start":{"line":9,"column":6},"end":{"line":39,"column":104}},"4":{"start":{"line":11,"column":8},"end":{"line":29,"column":9}},"5":{"start":{"line":12,"column":10},"end":{"line":28,"column":108}},"6":{"start":{"line":13,"column":34},"end":{"line":24,"column":14}},"7":{"start":{"line":14,"column":37},"end":{"line":14,"column":39}},"8":{"start":{"line":18,"column":18},"end":{"line":18,"column":27}},"9":{"start":{"line":19,"column":14},"end":{"line":19,"column":49}},"10":{"start":{"line":20,"column":14},"end":{"line":20,"column":53}},"11":{"start":{"line":21,"column":14},"end":{"line":21,"column":46}},"12":{"start":{"line":22,"column":14},"end":{"line":22,"column":53}},"13":{"start":{"line":23,"column":14},"end":{"line":23,"column":36}},"14":{"start":{"line":25,"column":14},"end":{"line":25,"column":44}},"15":{"start":{"line":26,"column":14},"end":{"line":26,"column":66}},"16":{"start":{"line":27,"column":26},"end":{"line":27,"column":48}},"17":{"start":{"line":28,"column":26},"end":{"line":28,"column":106}},"18":{"start":{"line":30,"column":35},"end":{"line":37,"column":10}},"19":{"start":{"line":31,"column":33},"end":{"line":31,"column":35}},"20":{"start":{"line":32,"column":10},"end":{"line":32,"column":55}},"21":{"start":{"line":33,"column":10},"end":{"line":33,"column":59}},"22":{"start":{"line":34,"column":10},"end":{"line":34,"column":53}},"23":{"start":{"line":35,"column":10},"end":{"line":35,"column":53}},"24":{"start":{"line":36,"column":10},"end":{"line":36,"column":32}},"25":{"start":{"line":38,"column":8},"end":{"line":38,"column":41}},"26":{"start":{"line":39,"column":22},"end":{"line":39,"column":102}}},"fnMap":{"0":{"name":"(anonymous_0)","decl":{"start":{"line":8,"column":13},"end":{"line":8,"column":14}},"loc":{"start":{"line":8,"column":33},"end":{"line":40,"column":5}},"line":8},"1":{"name":"(anonymous_1)","decl":{"start":{"line":9,"column":42},"end":{"line":9,"column":43}},"loc":{"start":{"line":9,"column":61},"end":{"line":39,"column":7}},"line":9},"2":{"name":"(anonymous_2)","decl":{"start":{"line":13,"column":18},"end":{"line":13,"column":19}},"loc":{"start":{"line":13,"column":34},"end":{"line":24,"column":14}},"line":13},"3":{"name":"(anonymous_3)","decl":{"start":{"line":13,"column":74},"end":{"line":13,"column":75}},"loc":{"start":{"line":13,"column":89},"end":{"line":24,"column":13}},"line":13},"4":{"name":"(anonymous_4)","decl":{"start":{"line":24,"column":21},"end":{"line":24,"column":22}},"loc":{"start":{"line":24,"column":38},"end":{"line":27,"column":13}},"line":24},"5":{"name":"(anonymous_5)","decl":{"start":{"line":27,"column":20},"end":{"line":27,"column":21}},"loc":{"start":{"line":27,"column":26},"end":{"line":27,"column":48}},"line":27},"6":{"name":"(anonymous_6)","decl":{"start":{"line":28,"column":19},"end":{"line":28,"column":20}},"loc":{"start":{"line":28,"column":26},"end":{"line":28,"column":106}},"line":28},"7":{"name":"(anonymous_7)","decl":{"start":{"line":30,"column":53},"end":{"line":30,"column":54}},"loc":{"start":{"line":30,"column":68},"end":{"line":37,"column":9}},"line":30},"8":{"name":"(anonymous_8)","decl":{"start":{"line":39,"column":15},"end":{"line":39,"column":16}},"loc":{"start":{"line":39,"column":22},"end":{"line":39,"column":102}},"line":39}},"branchMap":{"0":{"loc":{"start":{"line":11,"column":8},"end":{"line":29,"column":9}},"type":"if","locations":[{"start":{"line":11,"column":8},"end":{"line":29,"column":9}},{"start":{"line":11,"column":8},"end":{"line":29,"column":9}}],"line":11}},"s":{"0":4,"1":4,"2":4,"3":4,"4":4,"5":1,"6":1,"7":12,"8":12,"9":12,"10":12,"11":12,"12":12,"13":12,"14":1,"15":1,"16":1,"17":0,"18":3,"19":36,"20":36,"21":36,"22":36,"23":36,"24":36,"25":3,"26":0},"f":{"0":4,"1":4,"2":1,"3":12,"4":1,"5":1,"6":0,"7":36,"8":0},"b":{"0":[1,3]},"_coverageSchema":"332fd63041d2c1bcb487cc26dd0d5f7d97098a6c","hash":"a300fc39472e90fbce989ac471a53cb0ee394acd"}
,"/Users/anmolvarma/Desktop/finalEval/nodeBackEnd/routes/getQuestionAndAnswer.js": {"path":"/Users/anmolvarma/Desktop/finalEval/nodeBackEnd/routes/getQuestionAndAnswer.js","statementMap":{"0":{"start":{"line":1,"column":19},"end":{"line":1,"column":61}},"1":{"start":{"line":3,"column":0},"end":{"line":10,"column":5}},"2":{"start":{"line":8,"column":6},"end":{"line":8,"column":49}},"3":{"start":{"line":8,"column":34},"end":{"line":8,"column":47}}},"fnMap":{"0":{"name":"(anonymous_0)","decl":{"start":{"line":7,"column":13},"end":{"line":7,"column":14}},"loc":{"start":{"line":7,"column":33},"end":{"line":9,"column":5}},"line":7},"1":{"name":"(anonymous_1)","decl":{"start":{"line":8,"column":24},"end":{"line":8,"column":25}},"loc":{"start":{"line":8,"column":34},"end":{"line":8,"column":47}},"line":8}},"branchMap":{},"s":{"0":4,"1":4,"2":3,"3":3},"f":{"0":3,"1":3},"b":{},"_coverageSchema":"332fd63041d2c1bcb487cc26dd0d5f7d97098a6c","hash":"d9b05a07d156b2f86de5fef8040ce94f40a6abd0"}
,"/Users/anmolvarma/Desktop/finalEval/nodeBackEnd/routes/index.js": {"path":"/Users/anmolvarma/Desktop/finalEval/nodeBackEnd/routes/index.js","statementMap":{"0":{"start":{"line":1,"column":30},"end":{"line":1,"column":63}},"1":{"start":{"line":2,"column":16},"end":{"line":2,"column":45}},"2":{"start":{"line":3,"column":22},"end":{"line":3,"column":48}},"3":{"start":{"line":4,"column":19},"end":{"line":4,"column":42}},"4":{"start":{"line":6,"column":0},"end":{"line":6,"column":86}}},"fnMap":{},"branchMap":{},"s":{"0":4,"1":4,"2":4,"3":4,"4":4},"f":{},"b":{},"_coverageSchema":"332fd63041d2c1bcb487cc26dd0d5f7d97098a6c","hash":"ed7450616c2fb6fec4e4f154c4660bf3345fb148"}
,"/Users/anmolvarma/Desktop/finalEval/nodeBackEnd/routes/loginOrSignup.js": {"path":"/Users/anmolvarma/Desktop/finalEval/nodeBackEnd/routes/loginOrSignup.js","statementMap":{"0":{"start":{"line":1,"column":15},"end":{"line":1,"column":35}},"1":{"start":{"line":3,"column":0},"end":{"line":20,"column":5}},"2":{"start":{"line":8,"column":6},"end":{"line":18,"column":11}},"3":{"start":{"line":10,"column":10},"end":{"line":14,"column":11}},"4":{"start":{"line":11,"column":12},"end":{"line":13,"column":15}},"5":{"start":{"line":15,"column":10},"end":{"line":17,"column":13}}},"fnMap":{"0":{"name":"(anonymous_0)","decl":{"start":{"line":7,"column":13},"end":{"line":7,"column":14}},"loc":{"start":{"line":7,"column":33},"end":{"line":19,"column":5}},"line":7},"1":{"name":"(anonymous_1)","decl":{"start":{"line":9,"column":16},"end":{"line":9,"column":17}},"loc":{"start":{"line":9,"column":44},"end":{"line":18,"column":9}},"line":9}},"branchMap":{"0":{"loc":{"start":{"line":10,"column":10},"end":{"line":14,"column":11}},"type":"if","locations":[{"start":{"line":10,"column":10},"end":{"line":14,"column":11}},{"start":{"line":10,"column":10},"end":{"line":14,"column":11}}],"line":10}},"s":{"0":4,"1":4,"2":2,"3":2,"4":1,"5":1},"f":{"0":2,"1":2},"b":{"0":[1,1]},"_coverageSchema":"332fd63041d2c1bcb487cc26dd0d5f7d97098a6c","hash":"113241ae1f29a780dfe7b677764d837f17d164d8"}
,"/Users/anmolvarma/Desktop/finalEval/nodeBackEnd/routes/markAnswer.js": {"path":"/Users/anmolvarma/Desktop/finalEval/nodeBackEnd/routes/markAnswer.js","statementMap":{"0":{"start":{"line":1,"column":15},"end":{"line":1,"column":35}},"1":{"start":{"line":3,"column":0},"end":{"line":17,"column":5}},"2":{"start":{"line":8,"column":31},"end":{"line":8,"column":60}},"3":{"start":{"line":9,"column":6},"end":{"line":15,"column":137}},"4":{"start":{"line":15,"column":20},"end":{"line":15,"column":72}},"5":{"start":{"line":15,"column":87},"end":{"line":15,"column":135}}},"fnMap":{"0":{"name":"(anonymous_0)","decl":{"start":{"line":7,"column":13},"end":{"line":7,"column":14}},"loc":{"start":{"line":7,"column":33},"end":{"line":16,"column":5}},"line":7},"1":{"name":"(anonymous_1)","decl":{"start":{"line":15,"column":14},"end":{"line":15,"column":15}},"loc":{"start":{"line":15,"column":20},"end":{"line":15,"column":72}},"line":15},"2":{"name":"(anonymous_2)","decl":{"start":{"line":15,"column":80},"end":{"line":15,"column":81}},"loc":{"start":{"line":15,"column":87},"end":{"line":15,"column":135}},"line":15}},"branchMap":{},"s":{"0":4,"1":4,"2":1,"3":1,"4":1,"5":0},"f":{"0":1,"1":1,"2":0},"b":{},"_coverageSchema":"332fd63041d2c1bcb487cc26dd0d5f7d97098a6c","hash":"be4c5ae86f33cbdea2fcc769eabc225eb3df2c11"}
}
