TN:
SF:/Users/anmolvarma/Desktop/finalEval/nodeBackEnd/server.js
FN:12,(anonymous_0)
FNF:1
FNH:0
FNDA:0,(anonymous_0)
DA:1,2
DA:2,2
DA:4,2
DA:5,2
DA:9,2
DA:11,2
DA:12,0
DA:13,0
DA:14,0
DA:16,0
DA:20,2
LF:11
LH:7
BRDA:11,0,0,0
BRDA:11,0,1,2
BRDA:13,1,0,0
BRDA:13,1,1,0
BRF:4
BRH:1
end_of_record
TN:
SF:/Users/anmolvarma/Desktop/finalEval/nodeBackEnd/helper/mapAnswerAndQuestions.js
FN:3,(anonymous_0)
FN:8,(anonymous_1)
FN:11,(anonymous_2)
FN:13,(anonymous_3)
FN:14,(anonymous_4)
FN:14,(anonymous_5)
FN:19,(anonymous_6)
FN:20,(anonymous_7)
FNF:8
FNH:7
FNDA:4,(anonymous_0)
FNDA:4,(anonymous_1)
FNDA:48,(anonymous_2)
FNDA:4,(anonymous_3)
FNDA:4,(anonymous_4)
FNDA:48,(anonymous_5)
FNDA:4,(anonymous_6)
FNDA:0,(anonymous_7)
DA:1,2
DA:3,2
DA:4,4
DA:5,4
DA:7,4
DA:9,4
DA:10,4
DA:11,48
DA:13,4
DA:14,4
DA:15,48
DA:16,48
DA:17,48
DA:19,4
DA:21,0
DA:22,0
DA:26,2
LF:17
LH:15
BRF:0
BRH:0
end_of_record
TN:
SF:/Users/anmolvarma/Desktop/finalEval/nodeBackEnd/models/index.js
FN:19,(anonymous_0)
FN:22,(anonymous_1)
FN:27,(anonymous_2)
FNF:3
FNH:3
FNDA:6,(anonymous_0)
FNDA:4,(anonymous_1)
FNDA:4,(anonymous_2)
DA:3,2
DA:4,2
DA:5,2
DA:6,2
DA:7,2
DA:8,2
DA:9,2
DA:11,2
DA:12,0
DA:14,2
DA:17,2
DA:20,6
DA:23,4
DA:24,4
DA:27,2
DA:28,4
DA:29,0
DA:33,2
DA:34,2
DA:36,2
LF:20
LH:18
BRDA:7,0,0,2
BRDA:7,0,1,0
BRDA:11,1,0,0
BRDA:11,1,1,2
BRDA:20,2,0,6
BRDA:20,2,1,6
BRDA:20,2,2,4
BRDA:28,3,0,0
BRDA:28,3,1,4
BRF:9
BRH:6
end_of_record
TN:
SF:/Users/anmolvarma/Desktop/finalEval/nodeBackEnd/models/question_bank.js
FN:1,(anonymous_0)
FNF:1
FNH:1
FNDA:2,(anonymous_0)
DA:1,2
DA:2,2
DA:17,2
LF:3
LH:3
BRF:0
BRH:0
end_of_record
TN:
SF:/Users/anmolvarma/Desktop/finalEval/nodeBackEnd/models/questionbank.js
FN:1,(anonymous_0)
FNF:1
FNH:1
FNDA:2,(anonymous_0)
DA:1,2
DA:2,2
DA:17,2
LF:3
LH:3
BRF:0
BRH:0
end_of_record
TN:
SF:/Users/anmolvarma/Desktop/finalEval/nodeBackEnd/routes/getAnswersFromDB.js
FN:8,(anonymous_0)
FN:9,(anonymous_1)
FN:13,(anonymous_2)
FN:13,(anonymous_3)
FN:24,(anonymous_4)
FN:27,(anonymous_5)
FN:28,(anonymous_6)
FN:30,(anonymous_7)
FN:39,(anonymous_8)
FNF:9
FNH:7
FNDA:4,(anonymous_0)
FNDA:4,(anonymous_1)
FNDA:1,(anonymous_2)
FNDA:12,(anonymous_3)
FNDA:1,(anonymous_4)
FNDA:1,(anonymous_5)
FNDA:0,(anonymous_6)
FNDA:36,(anonymous_7)
FNDA:0,(anonymous_8)
DA:1,2
DA:2,2
DA:4,2
DA:9,4
DA:11,4
DA:12,1
DA:13,1
DA:14,12
DA:18,12
DA:19,12
DA:20,12
DA:21,12
DA:22,12
DA:23,12
DA:25,1
DA:26,1
DA:27,1
DA:28,0
DA:30,3
DA:31,36
DA:32,36
DA:33,36
DA:34,36
DA:35,36
DA:36,36
DA:38,3
DA:39,0
LF:27
LH:25
BRDA:11,0,0,1
BRDA:11,0,1,3
BRF:2
BRH:2
end_of_record
TN:
SF:/Users/anmolvarma/Desktop/finalEval/nodeBackEnd/routes/getQuestionAndAnswer.js
FN:7,(anonymous_0)
FN:8,(anonymous_1)
FNF:2
FNH:2
FNDA:3,(anonymous_0)
FNDA:3,(anonymous_1)
DA:1,2
DA:3,2
DA:8,3
LF:3
LH:3
BRF:0
BRH:0
end_of_record
TN:
SF:/Users/anmolvarma/Desktop/finalEval/nodeBackEnd/routes/index.js
FNF:0
FNH:0
DA:1,2
DA:2,2
DA:4,2
LF:3
LH:3
BRF:0
BRH:0
end_of_record
